# JRE version: OpenJDK Runtime Environment (7.0_40-b31) (build 1.7.0_40-b31)
# Java VM: OpenJDK 64-Bit Server VM (24.0-b50 mixed mode linux-amd64 compressed oops)
Heap
 PSYoungGen      total 76800K, used 2920K [0x00000000ebd00000, 0x00000000f0f00000, 0x0000000100000000)
  eden space 69632K, 0% used [0x00000000ebd00000,0x00000000ebd00000,0x00000000f0100000)
  from space 7168K, 40% used [0x00000000f0100000,0x00000000f03da000,0x00000000f0800000)
  to   space 7168K, 0% used [0x00000000f0800000,0x00000000f0800000,0x00000000f0f00000)
 ParOldGen       total 40960K, used 19284K [0x00000000c3800000, 0x00000000c6000000, 0x00000000ebd00000)
  object space 40960K, 47% used [0x00000000c3800000,0x00000000c4ad5220,0x00000000c6000000)
 PSPermGen       total 28160K, used 28139K [0x00000000b9200000, 0x00000000bad80000, 0x00000000c3800000)
  object space 28160K, 99% used [0x00000000b9200000,0x00000000bad7ae60,0x00000000bad80000)
GC Heap History (10 events):
Event: 17.477 GC heap after
Heap after GC invocations=10 (full 0):
 PSYoungGen      total 32768K, used 1316K [0x00000000ebd00000, 0x00000000ef300000, 0x0000000100000000)
  eden space 27136K, 0% used [0x00000000ebd00000,0x00000000ebd00000,0x00000000ed780000)
  from space 5632K, 23% used [0x00000000ede80000,0x00000000edfc9160,0x00000000ee400000)
  to   space 7168K, 0% used [0x00000000ed780000,0x00000000ed780000,0x00000000ede80000)
 ParOldGen       total 40960K, used 14964K [0x00000000c3800000, 0x00000000c6000000, 0x00000000ebd00000)
  object space 40960K, 36% used [0x00000000c3800000,0x00000000c469d148,0x00000000c6000000)
 PSPermGen       total 23040K, used 22702K [0x00000000b9200000, 0x00000000ba880000, 0x00000000c3800000)
  object space 23040K, 98% used [0x00000000b9200000,0x00000000ba82bb50,0x00000000ba880000)
}
Event: 19.523 GC heap before
{Heap before GC invocations=11 (full 0):
 PSYoungGen      total 32768K, used 28452K [0x00000000ebd00000, 0x00000000ef300000, 0x0000000100000000)
  eden space 27136K, 100% used [0x00000000ebd00000,0x00000000ed780000,0x00000000ed780000)
  from space 5632K, 23% used [0x00000000ede80000,0x00000000edfc9160,0x00000000ee400000)
  to   space 7168K, 0% used [0x00000000ed780000,0x00000000ed780000,0x00000000ede80000)
 ParOldGen       total 40960K, used 14964K [0x00000000c3800000, 0x00000000c6000000, 0x00000000ebd00000)
  object space 40960K, 36% used [0x00000000c3800000,0x00000000c469d148,0x00000000c6000000)
 PSPermGen       total 24064K, used 23966K [0x00000000b9200000, 0x00000000ba980000, 0x00000000c3800000)
  object space 24064K, 99% used [0x00000000b9200000,0x00000000ba967828,0x00000000ba980000)
Event: 19.529 GC heap after
Heap after GC invocations=11 (full 0):
 PSYoungGen      total 34304K, used 4097K [0x00000000ebd00000, 0x00000000ef580000, 0x0000000100000000)
  eden space 27136K, 0% used [0x00000000ebd00000,0x00000000ebd00000,0x00000000ed780000)
  from space 7168K, 57% used [0x00000000ed780000,0x00000000edb80788,0x00000000ede80000)
  to   space 7168K, 0% used [0x00000000eee80000,0x00000000eee80000,0x00000000ef580000)
 ParOldGen       total 40960K, used 15300K [0x00000000c3800000, 0x00000000c6000000, 0x00000000ebd00000)
  object space 40960K, 37% used [0x00000000c3800000,0x00000000c46f1158,0x00000000c6000000)
 PSPermGen       total 24064K, used 23966K [0x00000000b9200000, 0x00000000ba980000, 0x00000000c3800000)
  object space 24064K, 99% used [0x00000000b9200000,0x00000000ba967828,0x00000000ba980000)
}
Event: 19.737 GC heap before
{Heap before GC invocations=12 (full 0):
 PSYoungGen      total 34304K, used 31233K [0x00000000ebd00000, 0x00000000ef580000, 0x0000000100000000)
  eden space 27136K, 100% used [0x00000000ebd00000,0x00000000ed780000,0x00000000ed780000)
  from space 7168K, 57% used [0x00000000ed780000,0x00000000edb80788,0x00000000ede80000)
  to   space 7168K, 0% used [0x00000000eee80000,0x00000000eee80000,0x00000000ef580000)
 ParOldGen       total 40960K, used 15300K [0x00000000c3800000, 0x00000000c6000000, 0x00000000ebd00000)
  object space 40960K, 37% used [0x00000000c3800000,0x00000000c46f1158,0x00000000c6000000)
 PSPermGen       total 25088K, used 24685K [0x00000000b9200000, 0x00000000baa80000, 0x00000000c3800000)
  object space 25088K, 98% used [0x00000000b9200000,0x00000000baa1b7e0,0x00000000baa80000)
Event: 19.742 GC heap after
Heap after GC invocations=12 (full 0):
 PSYoungGen      total 50688K, used 1380K [0x00000000ebd00000, 0x00000000ef580000, 0x0000000100000000)
  eden space 43520K, 0% used [0x00000000ebd00000,0x00000000ebd00000,0x00000000ee780000)
  from space 7168K, 19% used [0x00000000eee80000,0x00000000eefd91d8,0x00000000ef580000)
  to   space 7168K, 0% used [0x00000000ee780000,0x00000000ee780000,0x00000000eee80000)
 ParOldGen       total 40960K, used 18544K [0x00000000c3800000, 0x00000000c6000000, 0x00000000ebd00000)
  object space 40960K, 45% used [0x00000000c3800000,0x00000000c4a1c200,0x00000000c6000000)
 PSPermGen       total 25088K, used 24685K [0x00000000b9200000, 0x00000000baa80000, 0x00000000c3800000)
  object space 25088K, 98% used [0x00000000b9200000,0x00000000baa1b7e0,0x00000000baa80000)
}
Event: 20.237 GC heap before
{Heap before GC invocations=13 (full 0):
 PSYoungGen      total 50688K, used 44900K [0x00000000ebd00000, 0x00000000ef580000, 0x0000000100000000)
  eden space 43520K, 100% used [0x00000000ebd00000,0x00000000ee780000,0x00000000ee780000)
  from space 7168K, 19% used [0x00000000eee80000,0x00000000eefd91d8,0x00000000ef580000)
  to   space 7168K, 0% used [0x00000000ee780000,0x00000000ee780000,0x00000000eee80000)
 ParOldGen       total 40960K, used 18544K [0x00000000c3800000, 0x00000000c6000000, 0x00000000ebd00000)
  object space 40960K, 45% used [0x00000000c3800000,0x00000000c4a1c200,0x00000000c6000000)
 PSPermGen       total 25600K, used 25472K [0x00000000b9200000, 0x00000000bab00000, 0x00000000c3800000)
  object space 25600K, 99% used [0x00000000b9200000,0x00000000baae0260,0x00000000bab00000)
Event: 20.244 GC heap after
Heap after GC invocations=13 (full 0):
 PSYoungGen      total 50688K, used 1792K [0x00000000ebd00000, 0x00000000f0f00000, 0x0000000100000000)
  eden space 43520K, 0% used [0x00000000ebd00000,0x00000000ebd00000,0x00000000ee780000)
  from space 7168K, 25% used [0x00000000ee780000,0x00000000ee940000,0x00000000eee80000)
  to   space 7168K, 0% used [0x00000000f0800000,0x00000000f0800000,0x00000000f0f00000)
 ParOldGen       total 40960K, used 18672K [0x00000000c3800000, 0x00000000c6000000, 0x00000000ebd00000)
  object space 40960K, 45% used [0x00000000c3800000,0x00000000c4a3c200,0x00000000c6000000)
 PSPermGen       total 25600K, used 25472K [0x00000000b9200000, 0x00000000bab00000, 0x00000000c3800000)
  object space 25600K, 99% used [0x00000000b9200000,0x00000000baae0260,0x00000000bab00000)
}
Event: 21.464 GC heap before
{Heap before GC invocations=14 (full 0):
 PSYoungGen      total 50688K, used 45312K [0x00000000ebd00000, 0x00000000f0f00000, 0x0000000100000000)
  eden space 43520K, 100% used [0x00000000ebd00000,0x00000000ee780000,0x00000000ee780000)
  from space 7168K, 25% used [0x00000000ee780000,0x00000000ee940000,0x00000000eee80000)
  to   space 7168K, 0% used [0x00000000f0800000,0x00000000f0800000,0x00000000f0f00000)
 ParOldGen       total 40960K, used 18672K [0x00000000c3800000, 0x00000000c6000000, 0x00000000ebd00000)
  object space 40960K, 45% used [0x00000000c3800000,0x00000000c4a3c200,0x00000000c6000000)
 PSPermGen       total 26624K, used 26481K [0x00000000b9200000, 0x00000000bac00000, 0x00000000c3800000)
  object space 26624K, 99% used [0x00000000b9200000,0x00000000babdc638,0x00000000bac00000)
Event: 21.469 GC heap after
Heap after GC invocations=14 (full 0):
 PSYoungGen      total 76800K, used 1868K [0x00000000ebd00000, 0x00000000f0f00000, 0x0000000100000000)
  eden space 69632K, 0% used [0x00000000ebd00000,0x00000000ebd00000,0x00000000f0100000)
  from space 7168K, 26% used [0x00000000f0800000,0x00000000f09d3140,0x00000000f0f00000)
  to   space 7168K, 0% used [0x00000000f0100000,0x00000000f0100000,0x00000000f0800000)
 ParOldGen       total 40960K, used 18864K [0x00000000c3800000, 0x00000000c6000000, 0x00000000ebd00000)
  object space 40960K, 46% used [0x00000000c3800000,0x00000000c4a6c200,0x00000000c6000000)
 PSPermGen       total 26624K, used 26481K [0x00000000b9200000, 0x00000000bac00000, 0x00000000c3800000)
  object space 26624K, 99% used [0x00000000b9200000,0x00000000babdc638,0x00000000bac00000)
}
Event: 27.070 GC heap before
{Heap before GC invocations=15 (full 0):
 PSYoungGen      total 76800K, used 71500K [0x00000000ebd00000, 0x00000000f0f00000, 0x0000000100000000)
  eden space 69632K, 100% used [0x00000000ebd00000,0x00000000f0100000,0x00000000f0100000)
  from space 7168K, 26% used [0x00000000f0800000,0x00000000f09d3140,0x00000000f0f00000)
  to   space 7168K, 0% used [0x00000000f0100000,0x00000000f0100000,0x00000000f0800000)
 ParOldGen       total 40960K, used 18864K [0x00000000c3800000, 0x00000000c6000000, 0x00000000ebd00000)
  object space 40960K, 46% used [0x00000000c3800000,0x00000000c4a6c200,0x00000000c6000000)
 PSPermGen       total 28160K, used 28139K [0x00000000b9200000, 0x00000000bad80000, 0x00000000c3800000)
  object space 28160K, 99% used [0x00000000b9200000,0x00000000bad7ae60,0x00000000bad80000)

